[2024-07-06T14:11:17.832+0000] {local_task_job_runner.py:120} INFO - ::group::Pre task execution logs
[2024-07-06T14:11:17.878+0000] {taskinstance.py:2076} INFO - Dependencies all met for dep_context=non-requeueable deps ti=<TaskInstance: pet_adoption_ingest.load_csv_to_mysql manual__2024-07-06T14:11:10.475164+00:00 [queued]>
[2024-07-06T14:11:17.891+0000] {taskinstance.py:2076} INFO - Dependencies all met for dep_context=requeueable deps ti=<TaskInstance: pet_adoption_ingest.load_csv_to_mysql manual__2024-07-06T14:11:10.475164+00:00 [queued]>
[2024-07-06T14:11:17.892+0000] {taskinstance.py:2306} INFO - Starting attempt 1 of 1
[2024-07-06T14:11:17.923+0000] {taskinstance.py:2330} INFO - Executing <Task(_PythonDecoratedOperator): load_csv_to_mysql> on 2024-07-06 14:11:10.475164+00:00
[2024-07-06T14:11:17.932+0000] {standard_task_runner.py:63} INFO - Started process 164 to run task
[2024-07-06T14:11:17.938+0000] {standard_task_runner.py:90} INFO - Running: ['***', 'tasks', 'run', 'pet_adoption_ingest', 'load_csv_to_mysql', 'manual__2024-07-06T14:11:10.475164+00:00', '--job-id', '41', '--raw', '--subdir', 'DAGS_FOLDER/pet_adoption_ingest.py', '--cfg-path', '/tmp/tmpauqyfn7a']
[2024-07-06T14:11:17.941+0000] {standard_task_runner.py:91} INFO - Job 41: Subtask load_csv_to_mysql
[2024-07-06T14:11:18.033+0000] {task_command.py:426} INFO - Running <TaskInstance: pet_adoption_ingest.load_csv_to_mysql manual__2024-07-06T14:11:10.475164+00:00 [running]> on host 3b881ed41a37
[2024-07-06T14:11:18.247+0000] {taskinstance.py:2648} INFO - Exporting env vars: AIRFLOW_CTX_DAG_OWNER='***' AIRFLOW_CTX_DAG_ID='pet_adoption_ingest' AIRFLOW_CTX_TASK_ID='load_csv_to_mysql' AIRFLOW_CTX_EXECUTION_DATE='2024-07-06T14:11:10.475164+00:00' AIRFLOW_CTX_TRY_NUMBER='1' AIRFLOW_CTX_DAG_RUN_ID='manual__2024-07-06T14:11:10.475164+00:00'
[2024-07-06T14:11:18.250+0000] {taskinstance.py:430} INFO - ::endgroup::
[2024-07-06T14:11:18.256+0000] {taskinstance.py:441} INFO - ::group::Post task execution logs
[2024-07-06T14:11:18.257+0000] {taskinstance.py:2905} ERROR - Task failed with exception
Traceback (most recent call last):
  File "/home/airflow/.local/lib/python3.11/site-packages/airflow/models/taskinstance.py", line 465, in _execute_task
    result = _execute_callable(context=context, **execute_callable_kwargs)
             ^^^^^^^^^^^^^^^^^^^^^^^^^^^^^^^^^^^^^^^^^^^^^^^^^^^^^^^^^^^^^
  File "/home/airflow/.local/lib/python3.11/site-packages/airflow/models/taskinstance.py", line 432, in _execute_callable
    return execute_callable(context=context, **execute_callable_kwargs)
           ^^^^^^^^^^^^^^^^^^^^^^^^^^^^^^^^^^^^^^^^^^^^^^^^^^^^^^^^^^^^
  File "/home/airflow/.local/lib/python3.11/site-packages/airflow/models/baseoperator.py", line 401, in wrapper
    return func(self, *args, **kwargs)
           ^^^^^^^^^^^^^^^^^^^^^^^^^^^
  File "/home/airflow/.local/lib/python3.11/site-packages/airflow/decorators/base.py", line 265, in execute
    return_value = super().execute(context)
                   ^^^^^^^^^^^^^^^^^^^^^^^^
  File "/home/airflow/.local/lib/python3.11/site-packages/airflow/models/baseoperator.py", line 401, in wrapper
    return func(self, *args, **kwargs)
           ^^^^^^^^^^^^^^^^^^^^^^^^^^^
  File "/home/airflow/.local/lib/python3.11/site-packages/airflow/operators/python.py", line 235, in execute
    return_value = self.execute_callable()
                   ^^^^^^^^^^^^^^^^^^^^^^^
  File "/home/airflow/.local/lib/python3.11/site-packages/airflow/operators/python.py", line 252, in execute_callable
    return self.python_callable(*self.op_args, **self.op_kwargs)
           ^^^^^^^^^^^^^^^^^^^^^^^^^^^^^^^^^^^^^^^^^^^^^^^^^^^^^
  File "/opt/airflow/dags/pet_adoption_ingest.py", line 10, in load_csv_to_mysql
    df = pd.read_csv(file_path)
         ^^^^^^^^^^^^^^^^^^^^^^
  File "/home/airflow/.local/lib/python3.11/site-packages/pandas/io/parsers/readers.py", line 948, in read_csv
    return _read(filepath_or_buffer, kwds)
           ^^^^^^^^^^^^^^^^^^^^^^^^^^^^^^^
  File "/home/airflow/.local/lib/python3.11/site-packages/pandas/io/parsers/readers.py", line 611, in _read
    parser = TextFileReader(filepath_or_buffer, **kwds)
             ^^^^^^^^^^^^^^^^^^^^^^^^^^^^^^^^^^^^^^^^^^
  File "/home/airflow/.local/lib/python3.11/site-packages/pandas/io/parsers/readers.py", line 1448, in __init__
    self._engine = self._make_engine(f, self.engine)
                   ^^^^^^^^^^^^^^^^^^^^^^^^^^^^^^^^^
  File "/home/airflow/.local/lib/python3.11/site-packages/pandas/io/parsers/readers.py", line 1705, in _make_engine
    self.handles = get_handle(
                   ^^^^^^^^^^^
  File "/home/airflow/.local/lib/python3.11/site-packages/pandas/io/common.py", line 863, in get_handle
    handle = open(
             ^^^^^
FileNotFoundError: [Errno 2] No such file or directory: 'C:\\Users\\Indah Permata\\Documents\\dbimbing_final_project\\data\\pet_adoption_data.csv'
[2024-07-06T14:11:18.285+0000] {taskinstance.py:1206} INFO - Marking task as FAILED. dag_id=pet_adoption_ingest, task_id=load_csv_to_mysql, run_id=manual__2024-07-06T14:11:10.475164+00:00, execution_date=20240706T141110, start_date=20240706T141117, end_date=20240706T141118
[2024-07-06T14:11:18.313+0000] {standard_task_runner.py:110} ERROR - Failed to execute job 41 for task load_csv_to_mysql ([Errno 2] No such file or directory: 'C:\\Users\\Indah Permata\\Documents\\dbimbing_final_project\\data\\pet_adoption_data.csv'; 164)
[2024-07-06T14:11:18.352+0000] {local_task_job_runner.py:240} INFO - Task exited with return code 1
[2024-07-06T14:11:18.376+0000] {warnings.py:110} WARNING - /home/***/.local/lib/python3.11/site-packages/***/models/baseoperator.py:1297: AirflowProviderDeprecationWarning: Call to deprecated class MySqlOperator. (Please use `***.providers.common.sql.operators.sql.SQLExecuteQueryOperator`.Also, you can provide `hook_params={'schema': <database>}`.)
  result = cls.__new__(cls)

[2024-07-06T14:11:18.419+0000] {taskinstance.py:3503} INFO - 0 downstream tasks scheduled from follow-on schedule check
[2024-07-06T14:11:18.434+0000] {local_task_job_runner.py:222} INFO - ::endgroup::
